This is pdfTeX, Version 3.141592653-2.6-1.40.22 (TeX Live 2022/dev/Debian) (preloaded format=pdflatex 2023.10.14)  27 OCT 2023 13:34
entering extended mode
 restricted \write18 enabled.
 file:line:error style messages enabled.
 %&-line parsing enabled.
**/home/mendes/Desktop/CBD/Resumos/Resumos.tex
(/home/mendes/Desktop/CBD/Resumos/Resumos.tex
LaTeX2e <2021-11-15> patch level 1
L3 programming layer <2022-01-21> (/usr/share/texlive/texmf-dist/tex/latex/base/article.cls
Document Class: article 2021/10/04 v1.4n Standard LaTeX document class
(/usr/share/texlive/texmf-dist/tex/latex/base/size10.clo
File: size10.clo 2021/10/04 v1.4n Standard LaTeX file (size option)
)
\c@part=\count185
\c@section=\count186
\c@subsection=\count187
\c@subsubsection=\count188
\c@paragraph=\count189
\c@subparagraph=\count190
\c@figure=\count191
\c@table=\count192
\abovecaptionskip=\skip47
\belowcaptionskip=\skip48
\bibindent=\dimen138
) (/usr/share/texlive/texmf-dist/tex/latex/base/inputenc.sty
Package: inputenc 2021/02/14 v1.3d Input encoding file
\inpenc@prehook=\toks16
\inpenc@posthook=\toks17
) (/usr/share/texlive/texmf-dist/tex/latex/tools/indentfirst.sty
Package: indentfirst 1995/11/23 v1.03 Indent first paragraph (DPC)
) (/usr/share/texlive/texmf-dist/tex/latex/titling/titling.sty
Package: titling 2009/09/04 v2.1d maketitle typesetting
\thanksmarkwidth=\skip49
\thanksmargin=\skip50
\droptitle=\skip51
) (/usr/share/texlive/texmf-dist/tex/latex/geometry/geometry.sty
Package: geometry 2020/01/02 v5.9 Page Geometry
 (/usr/share/texlive/texmf-dist/tex/latex/graphics/keyval.sty
Package: keyval 2014/10/28 v1.15 key=value parser (DPC)
\KV@toks@=\toks18
) (/usr/share/texlive/texmf-dist/tex/generic/iftex/ifvtex.sty
Package: ifvtex 2019/10/25 v1.7 ifvtex legacy package. Use iftex instead.
 (/usr/share/texlive/texmf-dist/tex/generic/iftex/iftex.sty
Package: iftex 2020/03/06 v1.0d TeX engine tests
))
\Gm@cnth=\count193
\Gm@cntv=\count194
\c@Gm@tempcnt=\count195
\Gm@bindingoffset=\dimen139
\Gm@wd@mp=\dimen140
\Gm@odd@mp=\dimen141
\Gm@even@mp=\dimen142
\Gm@layoutwidth=\dimen143
\Gm@layoutheight=\dimen144
\Gm@layouthoffset=\dimen145
\Gm@layoutvoffset=\dimen146
\Gm@dimlist=\toks19
) (/usr/share/texlive/texmf-dist/tex/latex/graphics/graphicx.sty
Package: graphicx 2021/09/16 v1.2d Enhanced LaTeX Graphics (DPC,SPQR)
 (/usr/share/texlive/texmf-dist/tex/latex/graphics/graphics.sty
Package: graphics 2021/03/04 v1.4d Standard LaTeX Graphics (DPC,SPQR)
 (/usr/share/texlive/texmf-dist/tex/latex/graphics/trig.sty
Package: trig 2021/08/11 v1.11 sin cos tan (DPC)
) (/usr/share/texlive/texmf-dist/tex/latex/graphics-cfg/graphics.cfg
File: graphics.cfg 2016/06/04 v1.11 sample graphics configuration
)
Package graphics Info: Driver file: pdftex.def on input line 107.
 (/usr/share/texlive/texmf-dist/tex/latex/graphics-def/pdftex.def
File: pdftex.def 2020/10/05 v1.2a Graphics/color driver for pdftex
))
\Gin@req@height=\dimen147
\Gin@req@width=\dimen148
) (/usr/share/texlive/texmf-dist/tex/latex/enumitem/enumitem.sty
Package: enumitem 2019/06/20 v3.9 Customized lists
\labelindent=\skip52
\enit@outerparindent=\dimen149
\enit@toks=\toks20
\enit@inbox=\box50
\enit@count@id=\count196
\enitdp@description=\count197
) (/usr/share/texlive/texmf-dist/tex/latex/fancyhdr/fancyhdr.sty
Package: fancyhdr 2021/01/28 v4.0.1 Extensive control of page headers and footers
\f@nch@headwidth=\skip53
\f@nch@O@elh=\skip54
\f@nch@O@erh=\skip55
\f@nch@O@olh=\skip56
\f@nch@O@orh=\skip57
\f@nch@O@elf=\skip58
\f@nch@O@erf=\skip59
\f@nch@O@olf=\skip60
\f@nch@O@orf=\skip61
) (/usr/share/texlive/texmf-dist/tex/generic/ulem/ulem.sty
\UL@box=\box51
\UL@hyphenbox=\box52
\UL@skip=\skip62
\UL@hook=\toks21
\UL@height=\dimen150
\UL@pe=\count198
\UL@pixel=\dimen151
\ULC@box=\box53
Package: ulem 2019/11/18
\ULdepth=\dimen152
) (/usr/share/texlive/texmf-dist/tex/latex/xcolor/xcolor.sty
Package: xcolor 2021/10/31 v2.13 LaTeX color extensions (UK)
 (/usr/share/texlive/texmf-dist/tex/latex/graphics-cfg/color.cfg
File: color.cfg 2016/01/02 v1.6 sample color configuration
)
Package xcolor Info: Driver file: pdftex.def on input line 227.
Package xcolor Info: Model `cmy' substituted by `cmy0' on input line 1352.
Package xcolor Info: Model `hsb' substituted by `rgb' on input line 1356.
Package xcolor Info: Model `RGB' extended on input line 1368.
Package xcolor Info: Model `HTML' substituted by `rgb' on input line 1370.
Package xcolor Info: Model `Hsb' substituted by `hsb' on input line 1371.
Package xcolor Info: Model `tHsb' substituted by `hsb' on input line 1372.
Package xcolor Info: Model `HSB' substituted by `hsb' on input line 1373.
Package xcolor Info: Model `Gray' substituted by `gray' on input line 1374.
Package xcolor Info: Model `wave' substituted by `hsb' on input line 1375.
 (/usr/share/texlive/texmf-dist/tex/latex/graphics/dvipsnam.def
File: dvipsnam.def 2016/06/17 v3.0m Driver-dependent file (DPC,SPQR)
)) (/usr/share/texlive/texmf-dist/tex/latex/amsfonts/amssymb.sty
Package: amssymb 2013/01/14 v3.01 AMS font symbols
 (/usr/share/texlive/texmf-dist/tex/latex/amsfonts/amsfonts.sty
Package: amsfonts 2013/01/14 v3.01 Basic AMSFonts support
\@emptytoks=\toks22
\symAMSa=\mathgroup4
\symAMSb=\mathgroup5
LaTeX Font Info:    Redeclaring math symbol \hbar on input line 98.
LaTeX Font Info:    Overwriting math alphabet `\mathfrak' in version `bold'
(Font)                  U/euf/m/n --> U/euf/b/n on input line 106.
)) (/usr/share/texlive/texmf-dist/tex/latex/l3backend/l3backend-pdftex.def
File: l3backend-pdftex.def 2022-01-12 L3 backend support: PDF output (pdfTeX)
\l__color_backend_stack_int=\count199
\l__pdf_internal_box=\box54
) (./Resumos.aux)
\openout1 = `Resumos.aux'.

LaTeX Font Info:    Checking defaults for OML/cmm/m/it on input line 39.
LaTeX Font Info:    ... okay on input line 39.
LaTeX Font Info:    Checking defaults for OMS/cmsy/m/n on input line 39.
LaTeX Font Info:    ... okay on input line 39.
LaTeX Font Info:    Checking defaults for OT1/cmr/m/n on input line 39.
LaTeX Font Info:    ... okay on input line 39.
LaTeX Font Info:    Checking defaults for T1/cmr/m/n on input line 39.
LaTeX Font Info:    ... okay on input line 39.
LaTeX Font Info:    Checking defaults for TS1/cmr/m/n on input line 39.
LaTeX Font Info:    ... okay on input line 39.
LaTeX Font Info:    Checking defaults for OMX/cmex/m/n on input line 39.
LaTeX Font Info:    ... okay on input line 39.
LaTeX Font Info:    Checking defaults for U/cmr/m/n on input line 39.
LaTeX Font Info:    ... okay on input line 39.

*geometry* driver: auto-detecting
*geometry* detected driver: pdftex
*geometry* verbose mode - [ preamble ] result:
* driver: pdftex
* paper: a4paper
* layout: <same size as paper>
* layoutoffset:(h,v)=(0.0pt,0.0pt)
* modes: 
* h-part:(L,W,R)=(89.62709pt, 418.25368pt, 89.6271pt)
* v-part:(T,H,B)=(156.49014pt, 560.5193pt, 128.0374pt)
* \paperwidth=597.50787pt
* \paperheight=845.04684pt
* \textwidth=418.25368pt
* \textheight=560.5193pt
* \oddsidemargin=17.3571pt
* \evensidemargin=17.3571pt
* \topmargin=-54.59087pt
* \headheight=113.81102pt
* \headsep=25.0pt
* \topskip=10.0pt
* \footskip=113.81102pt
* \marginparwidth=65.0pt
* \marginparsep=11.0pt
* \columnsep=10.0pt
* \skip\footins=9.0pt plus 4.0pt minus 2.0pt
* \hoffset=0.0pt
* \voffset=0.0pt
* \mag=1000
* \@twocolumnfalse
* \@twosidefalse
* \@mparswitchfalse
* \@reversemarginfalse
* (1in=72.27pt=25.4mm, 1cm=28.453pt)

(/usr/share/texlive/texmf-dist/tex/context/base/mkii/supp-pdf.mkii
[Loading MPS to PDF converter (version 2006.09.02).]
\scratchcounter=\count266
\scratchdimen=\dimen153
\scratchbox=\box55
\nofMPsegments=\count267
\nofMParguments=\count268
\everyMPshowfont=\toks23
\MPscratchCnt=\count269
\MPscratchDim=\dimen154
\MPnumerator=\count270
\makeMPintoPDFobject=\count271
\everyMPtoPDFconversion=\toks24
) (/usr/share/texlive/texmf-dist/tex/latex/epstopdf-pkg/epstopdf-base.sty
Package: epstopdf-base 2020-01-24 v2.11 Base part for package epstopdf
Package epstopdf-base Info: Redefining graphics rule for `.eps' on input line 485.
 (/usr/share/texlive/texmf-dist/tex/latex/latexconfig/epstopdf-sys.cfg
File: epstopdf-sys.cfg 2010/07/13 v1.3 Configuration of (r)epstopdf for TeX Live
))
LaTeX Font Info:    Trying to load font information for U+msa on input line 43.
 (/usr/share/texlive/texmf-dist/tex/latex/amsfonts/umsa.fd
File: umsa.fd 2013/01/14 v3.01 AMS symbols A
)
LaTeX Font Info:    Trying to load font information for U+msb on input line 43.
 (/usr/share/texlive/texmf-dist/tex/latex/amsfonts/umsb.fd
File: umsb.fd 2013/01/14 v3.01 AMS symbols B
)
<UA.png, id=1, 368.37625pt x 137.51375pt>
File: UA.png Graphic file (type png)
<use UA.png>
Package pdftex.def Info: UA.png  used on input line 45.
(pdftex.def)             Requested size: 147.34789pt x 55.00452pt.
 [1

{/var/lib/texmf/fonts/map/pdftex/updmap/pdftex.map} <./UA.png>]
<./Images//1.png, id=10, 1025.8325pt x 707.64375pt>
File: ./Images//1.png Graphic file (type png)
<use ./Images//1.png>
Package pdftex.def Info: ./Images//1.png  used on input line 106.
(pdftex.def)             Requested size: 307.75212pt x 212.29475pt.
<UA.jpg, id=12, 903.375pt x 903.375pt>
File: UA.jpg Graphic file (type jpg)
<use UA.jpg>
Package pdftex.def Info: UA.jpg  used on input line 107.
(pdftex.def)             Requested size: 9.02876pt x 9.02876pt.
 [1 <./UA.jpg>]
File: UA.jpg Graphic file (type jpg)
<use UA.jpg>
Package pdftex.def Info: UA.jpg  used on input line 127.
(pdftex.def)             Requested size: 9.02876pt x 9.02876pt.
 [2 <./Images//1.png>]
File: UA.jpg Graphic file (type jpg)
<use UA.jpg>
Package pdftex.def Info: UA.jpg  used on input line 172.
(pdftex.def)             Requested size: 9.02876pt x 9.02876pt.
 [3]
File: UA.jpg Graphic file (type jpg)
<use UA.jpg>
Package pdftex.def Info: UA.jpg  used on input line 213.
(pdftex.def)             Requested size: 9.02876pt x 9.02876pt.
 [4]
File: UA.jpg Graphic file (type jpg)
<use UA.jpg>
Package pdftex.def Info: UA.jpg  used on input line 274.
(pdftex.def)             Requested size: 9.02876pt x 9.02876pt.
 [5]
File: UA.jpg Graphic file (type jpg)
<use UA.jpg>
Package pdftex.def Info: UA.jpg  used on input line 326.
(pdftex.def)             Requested size: 9.02876pt x 9.02876pt.
 [6]
<./Images//2.png, id=37, 1106.1325pt x 717.68124pt>
File: ./Images//2.png Graphic file (type png)
<use ./Images//2.png>
Package pdftex.def Info: ./Images//2.png  used on input line 328.
(pdftex.def)             Requested size: 331.84232pt x 215.30603pt.
<./Images//3.png, id=38, 1106.1325pt x 717.68124pt>
File: ./Images//3.png Graphic file (type png)
<use ./Images//3.png>
Package pdftex.def Info: ./Images//3.png  used on input line 329.
(pdftex.def)             Requested size: 331.84232pt x 215.30603pt.
File: UA.jpg Graphic file (type jpg)
<use UA.jpg>
Package pdftex.def Info: UA.jpg  used on input line 335.
(pdftex.def)             Requested size: 9.02876pt x 9.02876pt.
 [7 <./Images//2.png> <./Images//3.png>]
<./Images//4.png, id=44, 807.015pt x 719.68875pt>
File: ./Images//4.png Graphic file (type png)
<use ./Images//4.png>
Package pdftex.def Info: ./Images//4.png  used on input line 371.
(pdftex.def)             Requested size: 242.10637pt x 215.9083pt.
File: UA.jpg Graphic file (type jpg)
<use UA.jpg>
Package pdftex.def Info: UA.jpg  used on input line 375.
(pdftex.def)             Requested size: 9.02876pt x 9.02876pt.
 [8 <./Images//4.png>]
<./Images//5.png, id=50, 981.6675pt x 740.7675pt>
File: ./Images//5.png Graphic file (type png)
<use ./Images//5.png>
Package pdftex.def Info: ./Images//5.png  used on input line 379.
(pdftex.def)             Requested size: 196.33002pt x 148.15086pt.
<./Images//6.png, id=51, 1112.155pt x 733.74126pt>
File: ./Images//6.png Graphic file (type png)
<use ./Images//6.png>
Package pdftex.def Info: ./Images//6.png  used on input line 403.
(pdftex.def)             Requested size: 278.03807pt x 183.43486pt.
File: UA.jpg Graphic file (type jpg)
<use UA.jpg>
Package pdftex.def Info: UA.jpg  used on input line 407.
(pdftex.def)             Requested size: 9.02876pt x 9.02876pt.
 [9 <./Images//5.png> <./Images//6.png>]
File: UA.jpg Graphic file (type jpg)
<use UA.jpg>
Package pdftex.def Info: UA.jpg  used on input line 468.
(pdftex.def)             Requested size: 9.02876pt x 9.02876pt.
 [10]
<./Images//7.png, id=60, 1059.96pt x 388.45125pt>
File: ./Images//7.png Graphic file (type png)
<use ./Images//7.png>
Package pdftex.def Info: ./Images//7.png  used on input line 480.
(pdftex.def)             Requested size: 317.99045pt x 116.53627pt.
<./Images//8.png, id=61, 732.7375pt x 651.43375pt>
File: ./Images//8.png Graphic file (type png)
<use ./Images//8.png>
Package pdftex.def Info: ./Images//8.png  used on input line 494.
(pdftex.def)             Requested size: 219.82294pt x 195.43163pt.
File: UA.jpg Graphic file (type jpg)
<use UA.jpg>
Package pdftex.def Info: UA.jpg  used on input line 498.
(pdftex.def)             Requested size: 9.02876pt x 9.02876pt.
 [11 <./Images//7.png> <./Images//8.png>]
<./Images//9.png, id=67, 815.045pt x 672.5125pt>
File: ./Images//9.png Graphic file (type png)
<use ./Images//9.png>
Package pdftex.def Info: ./Images//9.png  used on input line 556.
(pdftex.def)             Requested size: 163.0061pt x 134.5001pt.
File: UA.jpg Graphic file (type jpg)
<use UA.jpg>
Package pdftex.def Info: UA.jpg  used on input line 557.
(pdftex.def)             Requested size: 9.02876pt x 9.02876pt.
 [12]
File: UA.jpg Graphic file (type jpg)
<use UA.jpg>
Package pdftex.def Info: UA.jpg  used on input line 579.
(pdftex.def)             Requested size: 9.02876pt x 9.02876pt.
 [13 <./Images//9.png>]
<./Images//10.png, id=76, 1207.51125pt x 621.32124pt>
File: ./Images//10.png Graphic file (type png)
<use ./Images//10.png>
Package pdftex.def Info: ./Images//10.png  used on input line 593.
(pdftex.def)             Requested size: 362.25616pt x 186.39781pt.
<./Images//11.png, id=77, 1074.0125pt x 596.2275pt>
File: ./Images//11.png Graphic file (type png)
<use ./Images//11.png>
Package pdftex.def Info: ./Images//11.png  used on input line 594.
(pdftex.def)             Requested size: 322.20624pt x 178.86963pt.
File: UA.jpg Graphic file (type jpg)
<use UA.jpg>
Package pdftex.def Info: UA.jpg  used on input line 598.
(pdftex.def)             Requested size: 9.02876pt x 9.02876pt.
 [14 <./Images//10.png> <./Images//11.png>]
File: UA.jpg Graphic file (type jpg)
<use UA.jpg>
Package pdftex.def Info: UA.jpg  used on input line 646.
(pdftex.def)             Requested size: 9.02876pt x 9.02876pt.
 [15]
<./Images//12.png, id=86, 803.0pt x 454.69875pt>
File: ./Images//12.png Graphic file (type png)
<use ./Images//12.png>
Package pdftex.def Info: ./Images//12.png  used on input line 680.
(pdftex.def)             Requested size: 240.90186pt x 136.41068pt.
File: UA.jpg Graphic file (type jpg)
<use UA.jpg>
Package pdftex.def Info: UA.jpg  used on input line 693.
(pdftex.def)             Requested size: 9.02876pt x 9.02876pt.
 [16 <./Images//12.png>]
Overfull \hbox (4.6645pt too wide) in paragraph at lines 698--702
[][]\OT1/cmr/m/n/10 E uma Cross Plataform, \OT1/cmr/bx/n/10 open-source \OT1/cmr/m/n/10 Col-umn Database, cu-jas fea-tures in-cluem \OT1/cmr/bx/n/10 alta disponi-
 []


Overfull \hbox (5.48996pt too wide) in paragraph at lines 698--702
\OT1/cmr/bx/n/10 bil-i-dade\OT1/cmr/m/n/10 , \OT1/cmr/bx/n/10 es-cal-a-bil-i-dade lin-ear\OT1/cmr/m/n/10 , \OT1/cmr/bx/n/10 frag-menta^^Xc~ao\OT1/cmr/m/n/10 , \OT1/cmr/bx/n/10 replica^^Xc~ao P2P con-fig-u-rav^^Sel\OT1/cmr/m/n/10 , \OT1/cmr/bx/n/10 con-sist^encia
 []

<./Images//13.png, id=91, 445.665pt x 171.64125pt>
File: ./Images//13.png Graphic file (type png)
<use ./Images//13.png>
Package pdftex.def Info: ./Images//13.png  used on input line 723.
(pdftex.def)             Requested size: 133.70053pt x 51.49275pt.
File: UA.jpg Graphic file (type jpg)
<use UA.jpg>
Package pdftex.def Info: UA.jpg  used on input line 743.
(pdftex.def)             Requested size: 9.02876pt x 9.02876pt.
[17 <./Images//13.png>]
<./Images//14.png, id=96, 491.8375pt x 503.8825pt>
File: ./Images//14.png Graphic file (type png)
<use ./Images//14.png>
Package pdftex.def Info: ./Images//14.png  used on input line 772.
(pdftex.def)             Requested size: 147.55238pt x 151.16591pt.
File: UA.jpg Graphic file (type jpg)
<use UA.jpg>
Package pdftex.def Info: UA.jpg  used on input line 785.
(pdftex.def)             Requested size: 9.02876pt x 9.02876pt.
 [18 <./Images//14.png>]
<./Images//15.png, id=102, 648.4225pt x 525.965pt>
File: ./Images//15.png Graphic file (type png)
<use ./Images//15.png>
Package pdftex.def Info: ./Images//15.png  used on input line 825.
(pdftex.def)             Requested size: 194.52824pt x 157.79071pt.
<./Images//16.png, id=103, 678.535pt x 568.1225pt>
File: ./Images//16.png Graphic file (type png)
<use ./Images//16.png>
Package pdftex.def Info: ./Images//16.png  used on input line 826.
(pdftex.def)             Requested size: 203.56207pt x 170.43805pt.
File: UA.jpg Graphic file (type jpg)
<use UA.jpg>
Package pdftex.def Info: UA.jpg  used on input line 831.
(pdftex.def)             Requested size: 9.02876pt x 9.02876pt.
 [19 <./Images//15.png> <./Images//16.png>]
<./Images//17.png, id=110, 776.9025pt x 454.69875pt>
File: ./Images//17.png Graphic file (type png)
<use ./Images//17.png>
Package pdftex.def Info: ./Images//17.png  used on input line 836.
(pdftex.def)             Requested size: 194.22514pt x 113.67441pt.
<./Images//18.png, id=111, 658.46pt x 557.08125pt>
File: ./Images//18.png Graphic file (type png)
<use ./Images//18.png>
Package pdftex.def Info: ./Images//18.png  used on input line 837.
(pdftex.def)             Requested size: 164.6146pt x 139.26997pt.
File: UA.jpg Graphic file (type jpg)
<use UA.jpg>
Package pdftex.def Info: UA.jpg  used on input line 882.
(pdftex.def)             Requested size: 9.02876pt x 9.02876pt.
 [20 <./Images//17.png> <./Images//18.png>]
File: UA.jpg Graphic file (type jpg)
<use UA.jpg>
Package pdftex.def Info: UA.jpg  used on input line 885.
(pdftex.def)             Requested size: 9.02876pt x 9.02876pt.
 [21] (./Resumos.aux) ) 
Here is how much of TeX's memory you used:
 3908 strings out of 480247
 59103 string characters out of 5896150
 359994 words of memory out of 5000000
 21807 multiletter control sequences out of 15000+600000
 477563 words of font info for 61 fonts, out of 8000000 for 9000
 14 hyphenation exceptions out of 8191
 55i,15n,62p,277b,389s stack positions out of 5000i,500n,10000p,200000b,80000s
 </home/mendes/.texlive2021/texmf-var/fonts/pk/ljfour/jknappen/ec/tcrm1000.600pk></usr/share/texlive/texmf-dist/fonts/type1/public/amsfonts/cm/cmbx10.pfb></usr/share/texlive/texmf-dist/fonts/type1/public/amsfonts/cm/cmbx12.pfb></usr/share/texlive/texmf-dist/fonts/type1/public/amsfonts/cm/cmmi10.pfb></usr/share/texlive/texmf-dist/fonts/type1/public/amsfonts/cm/cmr10.pfb></usr/share/texlive/texmf-dist/fonts/type1/public/amsfonts/cm/cmr12.pfb></usr/share/texlive/texmf-dist/fonts/type1/public/amsfonts/cm/cmr17.pfb></usr/share/texlive/texmf-dist/fonts/type1/public/amsfonts/cm/cmsy10.pfb>
Output written on Resumos.pdf (22 pages, 3993929 bytes).
PDF statistics:
 156 PDF objects out of 1000 (max. 8388607)
 76 compressed objects within 1 object stream
 0 named destinations out of 1000 (max. 500000)
 101 words of extra memory for PDF output out of 10000 (max. 10000000)

